<?xml version="1.0" encoding="UTF-8"?>
<!-- Generated by org.testng.reporters.JUnitReportReporter -->
<testsuite skipped="0" hostname="LAPTOP-00UDRC2M" name="demo.CreateCampaignTest" tests="1" failures="0" timestamp="2022-03-22T17:26:32 IST" time="0.005" errors="0">
  <testcase name="createcamp" time="0.005" classname="demo.CreateCampaignTest"/>
  <system-out/>
</testsuite> <!-- demo.CreateCampaignTest -->
