<?xml version="1.0" encoding="UTF-8"?>
<!-- Generated by org.testng.reporters.JUnitReportReporter -->
<testsuite skipped="0" hostname="LAPTOP-00UDRC2M" name="demo.LoginAndLogoutTest" tests="1" failures="0" timestamp="2022-03-23T14:55:42 IST" time="19.737" errors="0">
  <testcase name="loginlogoutscript" time="19.737" classname="demo.LoginAndLogoutTest"/>
  <system-out/>
</testsuite> <!-- demo.LoginAndLogoutTest -->
