<?xml version="1.0" encoding="UTF-8"?>
<!-- Generated by org.testng.reporters.JUnitReportReporter -->
<testsuite skipped="0" hostname="LAPTOP-00UDRC2M" name="demo.LoginTest" tests="1" failures="0" timestamp="2022-03-23T14:41:13 IST" time="0.009" errors="0">
  <testcase name="loginscript" time="0.009" classname="demo.LoginTest"/>
  <system-out/>
</testsuite> <!-- demo.LoginTest -->
