<?xml version="1.0" encoding="UTF-8"?>
<!-- Generated by org.testng.reporters.JUnitReportReporter -->
<testsuite skipped="0" hostname="LAPTOP-00UDRC2M" name="demo.DemoTest" tests="1" failures="0" timestamp="2022-03-22T17:26:49 IST" time="0.006" errors="0">
  <testcase name="createcontact" time="0.006" classname="demo.DemoTest"/>
  <system-out/>
</testsuite> <!-- demo.DemoTest -->
