<?xml version="1.0" encoding="UTF-8"?>
<!-- Generated by org.testng.reporters.JUnitReportReporter -->
<testsuite skipped="0" hostname="shree-PC" name="demo.CreateProductTest" tests="1" failures="0" timestamp="2022-03-24T15:57:33 IST" time="0.000" errors="0">
  <testcase name="createProduct" time="0.000" classname="demo.CreateProductTest"/>
  <system-out/>
</testsuite> <!-- demo.CreateProductTest -->
